{
  "RSpec": {
    "coverage": {
      "/Users/dustinnguyen8/Desktop/CSCE-431-PROJECT/peer-teacher/config/environment.rb": [
        null,
        1,
        null,
        null,
        1
      ],
      "/Users/dustinnguyen8/Desktop/CSCE-431-PROJECT/peer-teacher/config/application.rb": [
        1,
        null,
        1,
        null,
        null,
        null,
        null,
        1,
        null,
        1,
        1,
        null,
        1,
        null,
        null,
        1,
        null,
        null,
        null,
        null,
        null,
        null
      ],
      "/Users/dustinnguyen8/Desktop/CSCE-431-PROJECT/peer-teacher/config/boot.rb": [
        1,
        null,
        1,
        1
      ],
      "/Users/dustinnguyen8/Desktop/CSCE-431-PROJECT/peer-teacher/config/environments/test.rb": [
        1,
        null,
        null,
        null,
        null,
        null,
        null,
        1,
        null,
        null,
        null,
        null,
        1,
        null,
        null,
        1,
        1,
        null,
        null,
        null,
        null,
        1,
        1,
        null,
        null,
        1,
        null,
        null,
        1,
        null,
        null,
        1,
        null,
        1,
        null,
        null,
        null,
        null,
        1,
        null,
        null,
        1,
        null,
        null,
        null,
        null
      ],
      "/Users/dustinnguyen8/Desktop/CSCE-431-PROJECT/peer-teacher/config/initializers/application_controller_renderer.rb": [
        null,
        null,
        null,
        null,
        null,
        null,
        null,
        null
      ],
      "/Users/dustinnguyen8/Desktop/CSCE-431-PROJECT/peer-teacher/config/initializers/assets.rb": [
        null,
        null,
        null,
        1,
        null,
        null,
        null,
        null,
        1,
        null,
        null,
        null,
        null,
        null,
        null,
        1
      ],
      "/Users/dustinnguyen8/Desktop/CSCE-431-PROJECT/peer-teacher/config/initializers/backtrace_silencers.rb": [
        null,
        null,
        null,
        null,
        null,
        null,
        null
      ],
      "/Users/dustinnguyen8/Desktop/CSCE-431-PROJECT/peer-teacher/config/initializers/content_security_policy.rb": [
        null,
        null,
        null,
        null,
        null,
        null,
        null,
        null,
        null,
        null,
        null,
        null,
        null,
        null,
        null,
        null,
        null,
        null,
        null,
        null,
        null,
        null,
        null,
        null,
        null
      ],
      "/Users/dustinnguyen8/Desktop/CSCE-431-PROJECT/peer-teacher/config/initializers/cookies_serializer.rb": [
        null,
        null,
        null,
        null,
        1
      ],
      "/Users/dustinnguyen8/Desktop/CSCE-431-PROJECT/peer-teacher/config/initializers/filter_parameter_logging.rb": [
        null,
        null,
        null,
        1
      ],
      "/Users/dustinnguyen8/Desktop/CSCE-431-PROJECT/peer-teacher/config/initializers/inflections.rb": [
        null,
        null,
        null,
        null,
        null,
        null,
        null,
        null,
        null,
        null,
        null,
        null,
        null,
        null,
        null,
        null
      ],
      "/Users/dustinnguyen8/Desktop/CSCE-431-PROJECT/peer-teacher/config/initializers/mime_types.rb": [
        null,
        null,
        null,
        null
      ],
      "/Users/dustinnguyen8/Desktop/CSCE-431-PROJECT/peer-teacher/config/initializers/wrap_parameters.rb": [
        null,
        null,
        null,
        null,
        null,
        null,
        1,
        2,
        null,
        null,
        null,
        null,
        null,
        null
      ],
      "/Users/dustinnguyen8/Desktop/CSCE-431-PROJECT/peer-teacher/spec/factories/factories.rb": [
        1,
        1,
        4,
        4,
        4,
        4,
        4,
        4,
        4,
        4,
        4,
        4,
        4,
        null,
        null
      ],
      "/Users/dustinnguyen8/Desktop/CSCE-431-PROJECT/peer-teacher/config/routes.rb": [
        1,
        null,
        null,
        null,
        1,
        1,
        1,
        1,
        1,
        1,
        null,
        null,
        1,
        1,
        null,
        null,
        1,
        null,
        null,
        1,
        1,
        null,
        null,
        1,
        1,
        1,
        1,
        1,
        null
      ],
      "/Users/dustinnguyen8/Desktop/CSCE-431-PROJECT/peer-teacher/app/helpers/admins_helper.rb": [
        1,
        null
      ],
      "/Users/dustinnguyen8/Desktop/CSCE-431-PROJECT/peer-teacher/app/helpers/application_helper.rb": [
        1,
        null
      ],
      "/Users/dustinnguyen8/Desktop/CSCE-431-PROJECT/peer-teacher/app/helpers/applications_helper.rb": [
        1,
        1,
        null,
        0,
        null,
        null,
        null,
        null,
        null,
        null,
        null,
        null,
        null,
        null,
        null,
        null
      ],
      "/Users/dustinnguyen8/Desktop/CSCE-431-PROJECT/peer-teacher/app/helpers/welcome_helper.rb": [
        1,
        null
      ],
      "/Users/dustinnguyen8/Desktop/CSCE-431-PROJECT/peer-teacher/spec/controllers/admins_controller_spec.rb": [
        1,
        null,
        1,
        null,
        1,
        1,
        1,
        1,
        null,
        null,
        null,
        1,
        1,
        1,
        1,
        null,
        null,
        null,
        1,
        1,
        null,
        null,
        null,
        null,
        null,
        null,
        null,
        null,
        null
      ],
      "/Users/dustinnguyen8/Desktop/CSCE-431-PROJECT/peer-teacher/spec/rails_helper.rb": [
        null,
        null,
        1,
        1,
        1,
        1,
        null,
        1,
        1,
        null,
        null,
        null,
        null,
        null,
        null,
        null,
        null,
        null,
        null,
        null,
        null,
        null,
        null,
        null,
        null,
        null,
        null,
        null,
        null,
        null,
        null,
        null,
        null,
        1,
        null,
        1,
        null,
        1,
        null,
        null,
        null,
        null,
        1,
        null,
        null,
        null,
        null,
        null,
        null,
        null,
        null,
        null,
        null,
        null,
        null,
        null,
        null,
        1,
        null,
        null,
        1,
        null,
        null,
        null,
        1,
        null,
        null,
        null,
        null,
        null,
        null
      ],
      "/Users/dustinnguyen8/Desktop/CSCE-431-PROJECT/peer-teacher/app/controllers/admins_controller.rb": [
        1,
        null,
        1,
        null,
        1,
        2,
        null,
        null,
        1,
        0,
        0,
        null,
        null,
        1,
        0,
        0,
        0,
        null,
        null,
        1,
        0,
        0,
        0,
        0,
        null,
        null,
        1,
        1,
        1,
        null,
        null,
        1,
        1,
        1,
        null,
        null,
        1,
        2,
        null,
        0,
        null,
        0,
        null,
        1,
        null,
        1,
        null,
        null,
        null,
        1,
        0,
        null,
        0,
        null,
        0,
        null,
        0,
        null,
        0,
        null,
        null,
        null,
        null
      ],
      "/Users/dustinnguyen8/Desktop/CSCE-431-PROJECT/peer-teacher/app/controllers/application_controller.rb": [
        1,
        null
      ],
      "/Users/dustinnguyen8/Desktop/CSCE-431-PROJECT/peer-teacher/spec/controllers/applications_controller_spec.rb": [
        1,
        null,
        1,
        null,
        1,
        1,
        2,
        1,
        null,
        null,
        null,
        1,
        1,
        1,
        2,
        1,
        null,
        null,
        null,
        null,
        null,
        null
      ],
      "/Users/dustinnguyen8/Desktop/CSCE-431-PROJECT/peer-teacher/app/controllers/applications_controller.rb": [
        1,
        null,
        1,
        0,
        null,
        null,
        1,
        null,
        1,
        null,
        null,
        null,
        null,
        null,
        null,
        null,
        null,
        null,
        null,
        null,
        null,
        null,
        null,
        null,
        null,
        1,
        0,
        null,
        null,
        1,
        null,
        null,
        1,
        1,
        null,
        1,
        1,
        null,
        null,
        1,
        null,
        null,
        1,
        1,
        1,
        1,
        null,
        1,
        null,
        null,
        1,
        0,
        0,
        0,
        null,
        0,
        0,
        null,
        0,
        0,
        null,
        0,
        0,
        null,
        0,
        0,
        null,
        0,
        null,
        null,
        null
      ],
      "/Users/dustinnguyen8/Desktop/CSCE-431-PROJECT/peer-teacher/spec/controllers/login_controller_spec.rb": [
        1,
        null,
        1,
        null,
        1,
        1,
        1,
        1,
        null,
        null,
        null,
        null
      ],
      "/Users/dustinnguyen8/Desktop/CSCE-431-PROJECT/peer-teacher/app/controllers/login_controller.rb": [
        1,
        null,
        1,
        1,
        null,
        null,
        1,
        null,
        null,
        null,
        null,
        1,
        1,
        1,
        0,
        null,
        0,
        null,
        1,
        1,
        1,
        1,
        null,
        null,
        null,
        null,
        null,
        null,
        null
      ],
      "/Users/dustinnguyen8/Desktop/CSCE-431-PROJECT/peer-teacher/lib/AuthUtilities.rb": [
        1,
        null,
        1,
        1,
        null,
        null,
        null,
        null,
        1,
        1,
        null,
        1,
        0,
        null,
        1,
        null,
        null,
        null,
        null,
        null,
        null,
        1,
        null,
        0,
        0,
        0,
        0,
        null,
        null,
        null,
        null,
        null,
        1,
        0,
        0,
        null,
        null,
        null,
        null,
        null,
        1,
        0,
        null,
        0,
        0,
        0,
        0,
        null,
        0,
        0,
        null,
        null,
        null,
        null
      ],
      "/Users/dustinnguyen8/Desktop/CSCE-431-PROJECT/peer-teacher/spec/controllers/welcome_controller_spec.rb": [
        1,
        null,
        1,
        null,
        1,
        1,
        1,
        1,
        null,
        null,
        null,
        1,
        1,
        1,
        1,
        null,
        null,
        null,
        1,
        1,
        1,
        1,
        null,
        null,
        null,
        1,
        1,
        1,
        1,
        null,
        null,
        null,
        null,
        null,
        null
      ],
      "/Users/dustinnguyen8/Desktop/CSCE-431-PROJECT/peer-teacher/app/controllers/welcome_controller.rb": [
        1,
        1,
        1,
        null,
        null,
        1,
        1,
        null,
        null,
        1,
        null,
        null,
        1,
        1,
        null,
        null,
        1,
        1,
        1,
        null,
        null,
        null
      ],
      "/Users/dustinnguyen8/Desktop/CSCE-431-PROJECT/peer-teacher/spec/helpers/admins_helper_spec.rb": [
        1,
        null,
        null,
        null,
        null,
        null,
        null,
        null,
        null,
        null,
        null,
        null,
        1,
        1,
        null
      ],
      "/Users/dustinnguyen8/Desktop/CSCE-431-PROJECT/peer-teacher/spec/routing/routing_spec.rb": [
        1,
        null,
        1,
        1,
        1,
        null,
        null,
        null,
        1,
        1,
        1,
        null,
        null,
        null,
        1,
        1,
        1,
        null,
        null,
        null,
        1,
        1,
        1,
        null,
        null,
        null,
        1,
        1,
        1,
        null,
        null,
        null,
        null,
        null,
        null
      ],
      "/Users/dustinnguyen8/Desktop/CSCE-431-PROJECT/peer-teacher/app/models/applicant.rb": [
        1,
        1,
        1,
        null
      ],
      "/Users/dustinnguyen8/Desktop/CSCE-431-PROJECT/peer-teacher/app/models/user.rb": [
        1,
        null,
        1,
        null,
        null,
        1,
        null,
        null
      ],
      "/Users/dustinnguyen8/Desktop/CSCE-431-PROJECT/peer-teacher/lib/exceptions.rb": [
        1,
        1,
        null
      ]
    },
    "timestamp": 1551904217
  }
}
